<?xml version="1.0" encoding="UTF-8"?>
<!-- Generated by org.testng.reporters.JUnitReportReporter -->
<testsuite hostname="JVBRRR" failures="0" tests="1" name="mavenPractice.CreateLeadTest" time="0.014" errors="0" timestamp="2022-11-16T15:35:49 IST" skipped="0">
  <testcase classname="mavenPractice.CreateLeadTest" name="createLead" time="0.014"/>
  <system-out/>
</testsuite> <!-- mavenPractice.CreateLeadTest -->
