<?xml version="1.0" encoding="UTF-8"?>
<!-- Generated by org.testng.reporters.JUnitReportReporter -->
<testsuite hostname="JVBRRR" failures="0" tests="1" name="practice.Chrome" time="6.828" errors="0" timestamp="2022-11-10T14:50:14 IST" skipped="0">
  <testcase classname="practice.Chrome" name="tc1" time="6.828"/>
  <system-out/>
</testsuite> <!-- practice.Chrome -->
