<?xml version="1.0" encoding="UTF-8"?>
<!-- Generated by org.testng.reporters.JUnitReportReporter -->
<testsuite hostname="JVBRRR" failures="0" tests="1" name="mavenPractice.CreateOrgTest" time="0.010" errors="0" timestamp="2022-11-15T14:45:51 IST" skipped="0">
  <testcase classname="mavenPractice.CreateOrgTest" name="createOrg" time="0.010"/>
  <system-out/>
</testsuite> <!-- mavenPractice.CreateOrgTest -->
