<?xml version="1.0" encoding="UTF-8"?>
<!-- Generated by org.testng.reporters.JUnitReportReporter -->
<testsuite hostname="JVBRRR" failures="0" tests="1" name="mavenPractice.Test0" time="0.010" errors="0" timestamp="2022-11-15T14:43:36 IST" skipped="0">
  <testcase classname="mavenPractice.Test0" name="createContact" time="0.010"/>
  <system-out/>
</testsuite> <!-- mavenPractice.Test0 -->
